[0418/220535.004:ERROR:process_memory_win.cc(73)] ReadMemory at 0x77d40000 of 64 bytes failed: Запрос ReadProcessMemory или WriteProcessMemory был выполнен только частично. (0x12B)
[0418/220535.028:WARNING:pe_image_reader.cc(302)] could not read dos header from C:\WINDOWS\SYSTEM32\ntdll.dll
[0418/220535.028:ERROR:process_memory_win.cc(73)] ReadMemory at 0x75f80000 of 64 bytes failed: Запрос ReadProcessMemory или WriteProcessMemory был выполнен только частично. (0x12B)
[0418/220535.028:WARNING:pe_image_reader.cc(302)] could not read dos header from C:\WINDOWS\System32\KERNEL32.DLL
[0418/220535.028:ERROR:process_memory_win.cc(73)] ReadMemory at 0x774f0000 of 64 bytes failed: Запрос ReadProcessMemory или WriteProcessMemory был выполнен только частично. (0x12B)
[0418/220535.032:WARNING:pe_image_reader.cc(302)] could not read dos header from C:\WINDOWS\System32\KERNELBASE.dll
[0418/220535.044:ERROR:process_memory_win.cc(73)] ReadMemory at 0x77d40000 of 64 bytes failed: Запрос ReadProcessMemory или WriteProcessMemory был выполнен только частично. (0x12B)
[0418/220535.044:WARNING:pe_image_reader.cc(302)] could not read dos header from C:\WINDOWS\SYSTEM32\ntdll.dll
[0418/220535.044:ERROR:process_memory_win.cc(73)] ReadMemory at 0x75f80000 of 64 bytes failed: Запрос ReadProcessMemory или WriteProcessMemory был выполнен только частично. (0x12B)
[0418/220535.048:WARNING:pe_image_reader.cc(302)] could not read dos header from C:\WINDOWS\System32\KERNEL32.DLL
[0418/220535.048:ERROR:process_memory_win.cc(73)] ReadMemory at 0x774f0000 of 64 bytes failed: Запрос ReadProcessMemory или WriteProcessMemory был выполнен только частично. (0x12B)
[0418/220535.048:WARNING:pe_image_reader.cc(302)] could not read dos header from C:\WINDOWS\System32\KERNELBASE.dll
[0418/220535.052:ERROR:process_memory_win.cc(73)] ReadMemory at 0x77d40000 of 64 bytes failed: Запрос ReadProcessMemory или WriteProcessMemory был выполнен только частично. (0x12B)
[0418/220535.052:WARNING:pe_image_reader.cc(302)] could not read dos header from C:\WINDOWS\SYSTEM32\ntdll.dll
[0418/220535.052:ERROR:process_memory_win.cc(73)] ReadMemory at 0x75f80000 of 64 bytes failed: Запрос ReadProcessMemory или WriteProcessMemory был выполнен только частично. (0x12B)
[0418/220535.052:WARNING:pe_image_reader.cc(302)] could not read dos header from C:\WINDOWS\System32\KERNEL32.DLL
[0418/220535.052:ERROR:process_memory_win.cc(73)] ReadMemory at 0x774f0000 of 64 bytes failed: Запрос ReadProcessMemory или WriteProcessMemory был выполнен только частично. (0x12B)
[0418/220535.056:WARNING:pe_image_reader.cc(302)] could not read dos header from C:\WINDOWS\System32\KERNELBASE.dll
[0418/220535.056:ERROR:process_memory_win.cc(73)] ReadMemory at 0x77d40000 of 64 bytes failed: Запрос ReadProcessMemory или WriteProcessMemory был выполнен только частично. (0x12B)
[0418/220535.060:WARNING:pe_image_reader.cc(302)] could not read dos header from C:\WINDOWS\SYSTEM32\ntdll.dll
[0418/220535.060:ERROR:process_memory_win.cc(73)] ReadMemory at 0x77d40000 of 64 bytes failed: Запрос ReadProcessMemory или WriteProcessMemory был выполнен только частично. (0x12B)
[0418/220535.060:WARNING:pe_image_reader.cc(302)] could not read dos header from C:\WINDOWS\SYSTEM32\ntdll.dll
[0418/220535.060:ERROR:process_memory_win.cc(73)] ReadMemory at 0x75f80000 of 64 bytes failed: Запрос ReadProcessMemory или WriteProcessMemory был выполнен только частично. (0x12B)
[0418/220535.064:WARNING:pe_image_reader.cc(302)] could not read dos header from C:\WINDOWS\System32\KERNEL32.DLL
[0418/220535.064:ERROR:process_memory_win.cc(73)] ReadMemory at 0x75f80000 of 64 bytes failed: Запрос ReadProcessMemory или WriteProcessMemory был выполнен только частично. (0x12B)
[0418/220535.064:WARNING:pe_image_reader.cc(302)] could not read dos header from C:\WINDOWS\System32\KERNEL32.DLL
[0418/220535.064:ERROR:process_memory_win.cc(73)] ReadMemory at 0x774f0000 of 64 bytes failed: Запрос ReadProcessMemory или WriteProcessMemory был выполнен только частично. (0x12B)
[0418/220535.068:WARNING:pe_image_reader.cc(302)] could not read dos header from C:\WINDOWS\System32\KERNELBASE.dll
[0418/220535.068:ERROR:process_memory_win.cc(73)] ReadMemory at 0x774f0000 of 64 bytes failed: Запрос ReadProcessMemory или WriteProcessMemory был выполнен только частично. (0x12B)
[0418/220535.068:WARNING:pe_image_reader.cc(302)] could not read dos header from C:\WINDOWS\System32\KERNELBASE.dll
[0418/220535.088:ERROR:process_memory_win.cc(73)] ReadMemory at 0x77d40000 of 64 bytes failed: Запрос ReadProcessMemory или WriteProcessMemory был выполнен только частично. (0x12B)
[0418/220535.088:WARNING:pe_image_reader.cc(302)] could not read dos header from C:\WINDOWS\SYSTEM32\ntdll.dll
[0418/220535.088:ERROR:process_memory_win.cc(73)] ReadMemory at 0x75f80000 of 64 bytes failed: Запрос ReadProcessMemory или WriteProcessMemory был выполнен только частично. (0x12B)
[0418/220535.088:WARNING:pe_image_reader.cc(302)] could not read dos header from C:\WINDOWS\System32\KERNEL32.DLL
[0418/220535.088:ERROR:process_memory_win.cc(73)] ReadMemory at 0x774f0000 of 64 bytes failed: Запрос ReadProcessMemory или WriteProcessMemory был выполнен только частично. (0x12B)
[0418/220535.092:WARNING:pe_image_reader.cc(302)] could not read dos header from C:\WINDOWS\System32\KERNELBASE.dll
[0418/220535.100:ERROR:process_memory_win.cc(73)] ReadMemory at 0x77d40000 of 64 bytes failed: Запрос ReadProcessMemory или WriteProcessMemory был выполнен только частично. (0x12B)
[0418/220535.100:WARNING:pe_image_reader.cc(302)] could not read dos header from C:\WINDOWS\SYSTEM32\ntdll.dll
[0418/220535.100:ERROR:process_memory_win.cc(73)] ReadMemory at 0x77d40000 of 64 bytes failed: Запрос ReadProcessMemory или WriteProcessMemory был выполнен только частично. (0x12B)
[0418/220535.100:WARNING:pe_image_reader.cc(302)] could not read dos header from C:\WINDOWS\SYSTEM32\ntdll.dll
[0418/220535.104:ERROR:process_memory_win.cc(73)] ReadMemory at 0x75f80000 of 64 bytes failed: Запрос ReadProcessMemory или WriteProcessMemory был выполнен только частично. (0x12B)
[0418/220535.104:WARNING:pe_image_reader.cc(302)] could not read dos header from C:\WINDOWS\System32\KERNEL32.DLL
[0418/220535.104:ERROR:process_memory_win.cc(73)] ReadMemory at 0x75f80000 of 64 bytes failed: Запрос ReadProcessMemory или WriteProcessMemory был выполнен только частично. (0x12B)
[0418/220535.104:WARNING:pe_image_reader.cc(302)] could not read dos header from C:\WINDOWS\System32\KERNEL32.DLL
[0418/220535.104:ERROR:process_memory_win.cc(73)] ReadMemory at 0x774f0000 of 64 bytes failed: Запрос ReadProcessMemory или WriteProcessMemory был выполнен только частично. (0x12B)
[0418/220535.108:WARNING:pe_image_reader.cc(302)] could not read dos header from C:\WINDOWS\System32\KERNELBASE.dll
[0418/220535.108:ERROR:process_memory_win.cc(73)] ReadMemory at 0x774f0000 of 64 bytes failed: Запрос ReadProcessMemory или WriteProcessMemory был выполнен только частично. (0x12B)
[0418/220535.108:WARNING:pe_image_reader.cc(302)] could not read dos header from C:\WINDOWS\System32\KERNELBASE.dll
[0418/220535.392:ERROR:process_memory_win.cc(73)] ReadMemory at 0x77d40000 of 64 bytes failed: Запрос ReadProcessMemory или WriteProcessMemory был выполнен только частично. (0x12B)
[0418/220535.396:WARNING:pe_image_reader.cc(302)] could not read dos header from C:\WINDOWS\SYSTEM32\ntdll.dll
[0418/220535.396:ERROR:process_memory_win.cc(73)] ReadMemory at 0x75f80000 of 64 bytes failed: Запрос ReadProcessMemory или WriteProcessMemory был выполнен только частично. (0x12B)
[0418/220535.400:WARNING:pe_image_reader.cc(302)] could not read dos header from C:\WINDOWS\System32\KERNEL32.DLL
[0418/220535.400:ERROR:process_memory_win.cc(73)] ReadMemory at 0x774f0000 of 64 bytes failed: Запрос ReadProcessMemory или WriteProcessMemory был выполнен только частично. (0x12B)
[0418/220535.400:WARNING:pe_image_reader.cc(302)] could not read dos header from C:\WINDOWS\System32\KERNELBASE.dll
[0418/220535.420:ERROR:process_memory_win.cc(73)] ReadMemory at 0x77d40000 of 64 bytes failed: Запрос ReadProcessMemory или WriteProcessMemory был выполнен только частично. (0x12B)
[0418/220535.424:WARNING:pe_image_reader.cc(302)] could not read dos header from C:\WINDOWS\SYSTEM32\ntdll.dll
[0418/220535.424:ERROR:process_memory_win.cc(73)] ReadMemory at 0x75f80000 of 64 bytes failed: Запрос ReadProcessMemory или WriteProcessMemory был выполнен только частично. (0x12B)
[0418/220535.428:WARNING:pe_image_reader.cc(302)] could not read dos header from C:\WINDOWS\System32\KERNEL32.DLL
[0418/220535.428:ERROR:process_memory_win.cc(73)] ReadMemory at 0x774f0000 of 64 bytes failed: Запрос ReadProcessMemory или WriteProcessMemory был выполнен только частично. (0x12B)
[0418/220535.432:WARNING:pe_image_reader.cc(302)] could not read dos header from C:\WINDOWS\System32\KERNELBASE.dll
[0418/220535.619:WARNING:thread_snapshot_minidump.cc(88)] Snapshot X86 context support has no unit tests.
[0418/220535.619:WARNING:thread_snapshot_minidump.cc(88)] Snapshot X86 context support has no unit tests.
[0418/220535.619:WARNING:thread_snapshot_minidump.cc(88)] Snapshot X86 context support has no unit tests.
[0418/220535.619:WARNING:thread_snapshot_minidump.cc(88)] Snapshot X86 context support has no unit tests.
[0418/220535.619:WARNING:thread_snapshot_minidump.cc(88)] Snapshot X86 context support has no unit tests.
[0418/220535.619:WARNING:thread_snapshot_minidump.cc(88)] Snapshot X86 context support has no unit tests.
[0418/220535.619:WARNING:thread_snapshot_minidump.cc(88)] Snapshot X86 context support has no unit tests.
[0418/220535.619:WARNING:thread_snapshot_minidump.cc(88)] Snapshot X86 context support has no unit tests.
[0418/220535.619:WARNING:thread_snapshot_minidump.cc(88)] Snapshot X86 context support has no unit tests.
[0418/220535.619:WARNING:thread_snapshot_minidump.cc(88)] Snapshot X86 context support has no unit tests.
[0418/220535.619:WARNING:thread_snapshot_minidump.cc(88)] Snapshot X86 context support has no unit tests.
[0418/220535.619:WARNING:thread_snapshot_minidump.cc(88)] Snapshot X86 context support has no unit tests.
[0418/220535.619:WARNING:thread_snapshot_minidump.cc(88)] Snapshot X86 context support has no unit tests.
[0418/220535.619:WARNING:thread_snapshot_minidump.cc(88)] Snapshot X86 context support has no unit tests.
[0418/220535.619:WARNING:thread_snapshot_minidump.cc(88)] Snapshot X86 context support has no unit tests.
[0418/220535.619:WARNING:thread_snapshot_minidump.cc(88)] Snapshot X86 context support has no unit tests.
[0418/220535.619:WARNING:minidump_to_upload_parameters.cc(67)] duplicate annotation name metrics_client_id, discarding value cef09df478eb4eebba31fd98863bb245
[0418/220536.357:ERROR:crash_report_database_win.cc(828)] DeleteFile C:\Users\РљР°С‚СЏ\AppData\Local\Yandex\YandexBrowser\User Data\Crashpad\reports\5efeb6ea-d2cf-43b1-8b06-84072f147901.dmp: Процесс не может получить доступ к файлу, так как этот файл занят другим процессом. (0x20)
[0421/185058.633:ERROR:process_memory_win.cc(73)] ReadMemory at 0x77cf0000 of 64 bytes failed: Запрос ReadProcessMemory или WriteProcessMemory был выполнен только частично. (0x12B)
[0421/185058.652:WARNING:pe_image_reader.cc(302)] could not read dos header from C:\WINDOWS\SYSTEM32\ntdll.dll
[0421/185058.652:ERROR:process_memory_win.cc(73)] ReadMemory at 0x74eb0000 of 64 bytes failed: Запрос ReadProcessMemory или WriteProcessMemory был выполнен только частично. (0x12B)
[0421/185058.652:WARNING:pe_image_reader.cc(302)] could not read dos header from C:\WINDOWS\System32\KERNEL32.DLL
[0421/185058.652:ERROR:process_memory_win.cc(73)] ReadMemory at 0x751b0000 of 64 bytes failed: Запрос ReadProcessMemory или WriteProcessMemory был выполнен только частично. (0x12B)
[0421/185058.656:WARNING:pe_image_reader.cc(302)] could not read dos header from C:\WINDOWS\System32\KERNELBASE.dll
[0421/185058.664:ERROR:process_memory_win.cc(73)] ReadMemory at 0x77cf0000 of 64 bytes failed: Запрос ReadProcessMemory или WriteProcessMemory был выполнен только частично. (0x12B)
[0421/185058.668:WARNING:pe_image_reader.cc(302)] could not read dos header from C:\WINDOWS\SYSTEM32\ntdll.dll
[0421/185058.668:ERROR:process_memory_win.cc(73)] ReadMemory at 0x74eb0000 of 64 bytes failed: Запрос ReadProcessMemory или WriteProcessMemory был выполнен только частично. (0x12B)
[0421/185058.668:WARNING:pe_image_reader.cc(302)] could not read dos header from C:\WINDOWS\System32\KERNEL32.DLL
[0421/185058.668:ERROR:process_memory_win.cc(73)] ReadMemory at 0x751b0000 of 64 bytes failed: Запрос ReadProcessMemory или WriteProcessMemory был выполнен только частично. (0x12B)
[0421/185058.672:WARNING:pe_image_reader.cc(302)] could not read dos header from C:\WINDOWS\System32\KERNELBASE.dll
[0421/185058.676:ERROR:process_memory_win.cc(73)] ReadMemory at 0x77cf0000 of 64 bytes failed: Запрос ReadProcessMemory или WriteProcessMemory был выполнен только частично. (0x12B)
[0421/185058.680:WARNING:pe_image_reader.cc(302)] could not read dos header from C:\WINDOWS\SYSTEM32\ntdll.dll
[0421/185058.680:ERROR:process_memory_win.cc(73)] ReadMemory at 0x74eb0000 of 64 bytes failed: Запрос ReadProcessMemory или WriteProcessMemory был выполнен только частично. (0x12B)
[0421/185058.680:WARNING:pe_image_reader.cc(302)] could not read dos header from C:\WINDOWS\System32\KERNEL32.DLL
[0421/185058.680:ERROR:process_memory_win.cc(73)] ReadMemory at 0x751b0000 of 64 bytes failed: Запрос ReadProcessMemory или WriteProcessMemory был выполнен только частично. (0x12B)
[0421/185058.684:WARNING:pe_image_reader.cc(302)] could not read dos header from C:\WINDOWS\System32\KERNELBASE.dll
[0421/185058.684:ERROR:process_memory_win.cc(73)] ReadMemory at 0x77cf0000 of 64 bytes failed: Запрос ReadProcessMemory или WriteProcessMemory был выполнен только частично. (0x12B)
[0421/185058.688:WARNING:pe_image_reader.cc(302)] could not read dos header from C:\WINDOWS\SYSTEM32\ntdll.dll
[0421/185058.688:ERROR:process_memory_win.cc(73)] ReadMemory at 0x77cf0000 of 64 bytes failed: Запрос ReadProcessMemory или WriteProcessMemory был выполнен только частично. (0x12B)
[0421/185058.692:WARNING:pe_image_reader.cc(302)] could not read dos header from C:\WINDOWS\SYSTEM32\ntdll.dll
[0421/185058.692:ERROR:process_memory_win.cc(73)] ReadMemory at 0x74eb0000 of 64 bytes failed: Запрос ReadProcessMemory или WriteProcessMemory был выполнен только частично. (0x12B)
[0421/185058.692:WARNING:pe_image_reader.cc(302)] could not read dos header from C:\WINDOWS\System32\KERNEL32.DLL
[0421/185058.696:ERROR:process_memory_win.cc(73)] ReadMemory at 0x74eb0000 of 64 bytes failed: Запрос ReadProcessMemory или WriteProcessMemory был выполнен только частично. (0x12B)
[0421/185058.696:WARNING:pe_image_reader.cc(302)] could not read dos header from C:\WINDOWS\System32\KERNEL32.DLL
[0421/185058.696:ERROR:process_memory_win.cc(73)] ReadMemory at 0x751b0000 of 64 bytes failed: Запрос ReadProcessMemory или WriteProcessMemory был выполнен только частично. (0x12B)
[0421/185058.696:WARNING:pe_image_reader.cc(302)] could not read dos header from C:\WINDOWS\System32\KERNELBASE.dll
[0421/185058.696:ERROR:process_memory_win.cc(73)] ReadMemory at 0x751b0000 of 64 bytes failed: Запрос ReadProcessMemory или WriteProcessMemory был выполнен только частично. (0x12B)
[0421/185058.703:WARNING:pe_image_reader.cc(302)] could not read dos header from C:\WINDOWS\System32\KERNELBASE.dll
[0421/185058.727:ERROR:process_memory_win.cc(73)] ReadMemory at 0x77cf0000 of 64 bytes failed: Запрос ReadProcessMemory или WriteProcessMemory был выполнен только частично. (0x12B)
[0421/185058.730:WARNING:pe_image_reader.cc(302)] could not read dos header from C:\WINDOWS\SYSTEM32\ntdll.dll
[0421/185058.730:ERROR:process_memory_win.cc(73)] ReadMemory at 0x74eb0000 of 64 bytes failed: Запрос ReadProcessMemory или WriteProcessMemory был выполнен только частично. (0x12B)
[0421/185058.730:WARNING:pe_image_reader.cc(302)] could not read dos header from C:\WINDOWS\System32\KERNEL32.DLL
[0421/185058.730:ERROR:process_memory_win.cc(73)] ReadMemory at 0x751b0000 of 64 bytes failed: Запрос ReadProcessMemory или WriteProcessMemory был выполнен только частично. (0x12B)
[0421/185058.734:WARNING:pe_image_reader.cc(302)] could not read dos header from C:\WINDOWS\System32\KERNELBASE.dll
[0421/185058.746:ERROR:process_memory_win.cc(73)] ReadMemory at 0x77cf0000 of 64 bytes failed: Запрос ReadProcessMemory или WriteProcessMemory был выполнен только частично. (0x12B)
[0421/185058.746:WARNING:pe_image_reader.cc(302)] could not read dos header from C:\WINDOWS\SYSTEM32\ntdll.dll
[0421/185058.746:ERROR:process_memory_win.cc(73)] ReadMemory at 0x77cf0000 of 64 bytes failed: Запрос ReadProcessMemory или WriteProcessMemory был выполнен только частично. (0x12B)
[0421/185058.750:WARNING:pe_image_reader.cc(302)] could not read dos header from C:\WINDOWS\SYSTEM32\ntdll.dll
[0421/185058.750:ERROR:process_memory_win.cc(73)] ReadMemory at 0x74eb0000 of 64 bytes failed: Запрос ReadProcessMemory или WriteProcessMemory был выполнен только частично. (0x12B)
[0421/185058.754:WARNING:pe_image_reader.cc(302)] could not read dos header from C:\WINDOWS\System32\KERNEL32.DLL
[0421/185058.754:ERROR:process_memory_win.cc(73)] ReadMemory at 0x74eb0000 of 64 bytes failed: Запрос ReadProcessMemory или WriteProcessMemory был выполнен только частично. (0x12B)
[0421/185058.754:WARNING:pe_image_reader.cc(302)] could not read dos header from C:\WINDOWS\System32\KERNEL32.DLL
[0421/185058.754:ERROR:process_memory_win.cc(73)] ReadMemory at 0x751b0000 of 64 bytes failed: Запрос ReadProcessMemory или WriteProcessMemory был выполнен только частично. (0x12B)
[0421/185058.758:WARNING:pe_image_reader.cc(302)] could not read dos header from C:\WINDOWS\System32\KERNELBASE.dll
[0421/185058.758:ERROR:process_memory_win.cc(73)] ReadMemory at 0x751b0000 of 64 bytes failed: Запрос ReadProcessMemory или WriteProcessMemory был выполнен только частично. (0x12B)
[0421/185058.762:WARNING:pe_image_reader.cc(302)] could not read dos header from C:\WINDOWS\System32\KERNELBASE.dll
[0421/185058.854:ERROR:process_memory_win.cc(73)] ReadMemory at 0x77cf0000 of 64 bytes failed: Запрос ReadProcessMemory или WriteProcessMemory был выполнен только частично. (0x12B)
[0421/185058.854:WARNING:pe_image_reader.cc(302)] could not read dos header from C:\WINDOWS\SYSTEM32\ntdll.dll
[0421/185058.854:ERROR:process_memory_win.cc(73)] ReadMemory at 0x74eb0000 of 64 bytes failed: Запрос ReadProcessMemory или WriteProcessMemory был выполнен только частично. (0x12B)
[0421/185058.858:WARNING:pe_image_reader.cc(302)] could not read dos header from C:\WINDOWS\System32\KERNEL32.DLL
[0421/185058.858:ERROR:process_memory_win.cc(73)] ReadMemory at 0x751b0000 of 64 bytes failed: Запрос ReadProcessMemory или WriteProcessMemory был выполнен только частично. (0x12B)
[0421/185058.862:WARNING:pe_image_reader.cc(302)] could not read dos header from C:\WINDOWS\System32\KERNELBASE.dll
[0421/185058.878:ERROR:process_memory_win.cc(73)] ReadMemory at 0x77cf0000 of 64 bytes failed: Запрос ReadProcessMemory или WriteProcessMemory был выполнен только частично. (0x12B)
[0421/185058.878:WARNING:pe_image_reader.cc(302)] could not read dos header from C:\WINDOWS\SYSTEM32\ntdll.dll
[0421/185058.878:ERROR:process_memory_win.cc(73)] ReadMemory at 0x74eb0000 of 64 bytes failed: Запрос ReadProcessMemory или WriteProcessMemory был выполнен только частично. (0x12B)
[0421/185058.882:WARNING:pe_image_reader.cc(302)] could not read dos header from C:\WINDOWS\System32\KERNEL32.DLL
[0421/185058.882:ERROR:process_memory_win.cc(73)] ReadMemory at 0x751b0000 of 64 bytes failed: Запрос ReadProcessMemory или WriteProcessMemory был выполнен только частично. (0x12B)
[0421/185058.882:WARNING:pe_image_reader.cc(302)] could not read dos header from C:\WINDOWS\System32\KERNELBASE.dll
[0421/185059.069:WARNING:thread_snapshot_minidump.cc(88)] Snapshot X86 context support has no unit tests.
[0421/185059.069:WARNING:thread_snapshot_minidump.cc(88)] Snapshot X86 context support has no unit tests.
[0421/185059.069:WARNING:thread_snapshot_minidump.cc(88)] Snapshot X86 context support has no unit tests.
[0421/185059.069:WARNING:thread_snapshot_minidump.cc(88)] Snapshot X86 context support has no unit tests.
[0421/185059.069:WARNING:thread_snapshot_minidump.cc(88)] Snapshot X86 context support has no unit tests.
[0421/185059.069:WARNING:thread_snapshot_minidump.cc(88)] Snapshot X86 context support has no unit tests.
[0421/185059.069:WARNING:thread_snapshot_minidump.cc(88)] Snapshot X86 context support has no unit tests.
[0421/185059.069:WARNING:thread_snapshot_minidump.cc(88)] Snapshot X86 context support has no unit tests.
[0421/185059.069:WARNING:thread_snapshot_minidump.cc(88)] Snapshot X86 context support has no unit tests.
[0421/185059.069:WARNING:thread_snapshot_minidump.cc(88)] Snapshot X86 context support has no unit tests.
[0421/185059.069:WARNING:thread_snapshot_minidump.cc(88)] Snapshot X86 context support has no unit tests.
[0421/185059.069:WARNING:thread_snapshot_minidump.cc(88)] Snapshot X86 context support has no unit tests.
[0421/185059.073:WARNING:thread_snapshot_minidump.cc(88)] Snapshot X86 context support has no unit tests.
[0421/185059.073:WARNING:thread_snapshot_minidump.cc(88)] Snapshot X86 context support has no unit tests.
[0421/185059.073:WARNING:thread_snapshot_minidump.cc(88)] Snapshot X86 context support has no unit tests.
[0421/185059.073:WARNING:thread_snapshot_minidump.cc(88)] Snapshot X86 context support has no unit tests.
[0421/185059.073:WARNING:minidump_to_upload_parameters.cc(67)] duplicate annotation name metrics_client_id, discarding value cef09df478eb4eebba31fd98863bb245
[0421/185101.370:ERROR:crash_report_database_win.cc(828)] DeleteFile C:\Users\РљР°С‚СЏ\AppData\Local\Yandex\YandexBrowser\User Data\Crashpad\reports\8198fc97-5ac2-49ff-a331-19aaa451766b.dmp: Процесс не может получить доступ к файлу, так как этот файл занят другим процессом. (0x20)
